[INFO  - 2015-11-14T22:59:28.201Z] GhostDriver - Main - running on port 4731
[INFO  - 2015-11-14T22:59:28.595Z] Session [5bd9e130-8b23-11e5-b14e-e1f0e91d80e9] - page.settings - {"XSSAuditingEnabled":false,"javascriptCanCloseWindows":true,"javascriptCanOpenWindows":true,"javascriptEnabled":true,"loadImages":true,"localToRemoteUrlAccessEnabled":false,"userAgent":"Mozilla/5.0 (Windows NT 6.1; WOW64) AppleWebKit/538.1 (KHTML, like Gecko) PhantomJS/2.0.0 Safari/538.1","webSecurityEnabled":true}
[INFO  - 2015-11-14T22:59:28.595Z] Session [5bd9e130-8b23-11e5-b14e-e1f0e91d80e9] - page.customHeaders:  - {}
[INFO  - 2015-11-14T22:59:28.595Z] Session [5bd9e130-8b23-11e5-b14e-e1f0e91d80e9] - Session.negotiatedCapabilities - {"browserName":"phantomjs","version":"2.0.0","driverName":"ghostdriver","driverVersion":"1.2.0","platform":"windows-7-32bit","javascriptEnabled":true,"takesScreenshot":true,"handlesAlerts":false,"databaseEnabled":false,"locationContextEnabled":false,"applicationCacheEnabled":false,"browserConnectionEnabled":false,"cssSelectorsEnabled":true,"webStorageEnabled":false,"rotatable":false,"acceptSslCerts":false,"nativeEvents":true,"proxy":{"proxyType":"direct"}}
[INFO  - 2015-11-14T22:59:28.596Z] SessionManagerReqHand - _postNewSessionCommand - New Session Created: 5bd9e130-8b23-11e5-b14e-e1f0e91d80e9
[INFO  - 2015-11-14T22:59:35.309Z] ShutdownReqHand - _handle - About to shutdown
[INFO  - 2015-11-14T22:59:50.055Z] GhostDriver - Main - running on port 41688
[INFO  - 2015-11-14T22:59:50.733Z] Session [690b90b0-8b23-11e5-a79a-17e50d1d7255] - page.settings - {"XSSAuditingEnabled":false,"javascriptCanCloseWindows":true,"javascriptCanOpenWindows":true,"javascriptEnabled":true,"loadImages":true,"localToRemoteUrlAccessEnabled":false,"userAgent":"Mozilla/5.0 (Windows NT 6.1; WOW64) AppleWebKit/538.1 (KHTML, like Gecko) PhantomJS/2.0.0 Safari/538.1","webSecurityEnabled":true}
[INFO  - 2015-11-14T22:59:50.733Z] Session [690b90b0-8b23-11e5-a79a-17e50d1d7255] - page.customHeaders:  - {}
[INFO  - 2015-11-14T22:59:50.734Z] Session [690b90b0-8b23-11e5-a79a-17e50d1d7255] - Session.negotiatedCapabilities - {"browserName":"phantomjs","version":"2.0.0","driverName":"ghostdriver","driverVersion":"1.2.0","platform":"windows-7-32bit","javascriptEnabled":true,"takesScreenshot":true,"handlesAlerts":false,"databaseEnabled":false,"locationContextEnabled":false,"applicationCacheEnabled":false,"browserConnectionEnabled":false,"cssSelectorsEnabled":true,"webStorageEnabled":false,"rotatable":false,"acceptSslCerts":false,"nativeEvents":true,"proxy":{"proxyType":"direct"}}
[INFO  - 2015-11-14T22:59:50.734Z] SessionManagerReqHand - _postNewSessionCommand - New Session Created: 690b90b0-8b23-11e5-a79a-17e50d1d7255
[ERROR - 2015-11-14T22:59:57.655Z] Session [690b90b0-8b23-11e5-a79a-17e50d1d7255] - page.onError - msg: TypeError: null is not a constructor (evaluating 'g.m("ytbin.www.pageframe.setup")()')
[ERROR - 2015-11-14T22:59:57.656Z] Session [690b90b0-8b23-11e5-a79a-17e50d1d7255] - page.onError - stack:
  c (https://s.ytimg.com/yts/jsbin/www-en_US-vfliCtAF-/base.js:142)
  (anonymous function) (https://s.ytimg.com/yts/jsbin/spf-vflXxZ96-/spf.js:14)
  forEach (:0)
  u (https://s.ytimg.com/yts/jsbin/spf-vflXxZ96-/spf.js:7)
  Ha (https://s.ytimg.com/yts/jsbin/spf-vflXxZ96-/spf.js:14)
  Ua (https://s.ytimg.com/yts/jsbin/spf-vflXxZ96-/spf.js:17)
  (anonymous function) (https://s.ytimg.com/yts/jsbin/spf-vflXxZ96-/spf.js:7)
[INFO  - 2015-11-14T22:59:59.884Z] ShutdownReqHand - _handle - About to shutdown
[INFO  - 2015-11-14T23:02:20.266Z] GhostDriver - Main - running on port 41857
[INFO  - 2015-11-14T23:02:20.980Z] Session [c2999730-8b23-11e5-88c9-ef2aafc95b5b] - page.settings - {"XSSAuditingEnabled":false,"javascriptCanCloseWindows":true,"javascriptCanOpenWindows":true,"javascriptEnabled":true,"loadImages":true,"localToRemoteUrlAccessEnabled":false,"userAgent":"Mozilla/5.0 (Windows NT 6.1; WOW64) AppleWebKit/538.1 (KHTML, like Gecko) PhantomJS/2.0.0 Safari/538.1","webSecurityEnabled":true}
[INFO  - 2015-11-14T23:02:20.981Z] Session [c2999730-8b23-11e5-88c9-ef2aafc95b5b] - page.customHeaders:  - {}
[INFO  - 2015-11-14T23:02:20.981Z] Session [c2999730-8b23-11e5-88c9-ef2aafc95b5b] - Session.negotiatedCapabilities - {"browserName":"phantomjs","version":"2.0.0","driverName":"ghostdriver","driverVersion":"1.2.0","platform":"windows-7-32bit","javascriptEnabled":true,"takesScreenshot":true,"handlesAlerts":false,"databaseEnabled":false,"locationContextEnabled":false,"applicationCacheEnabled":false,"browserConnectionEnabled":false,"cssSelectorsEnabled":true,"webStorageEnabled":false,"rotatable":false,"acceptSslCerts":false,"nativeEvents":true,"proxy":{"proxyType":"direct"}}
[INFO  - 2015-11-14T23:02:20.981Z] SessionManagerReqHand - _postNewSessionCommand - New Session Created: c2999730-8b23-11e5-88c9-ef2aafc95b5b
[ERROR - 2015-11-14T23:02:26.308Z] Session [c2999730-8b23-11e5-88c9-ef2aafc95b5b] - page.onError - msg: TypeError: null is not a constructor (evaluating 'g.m("ytbin.www.pageframe.setup")()')
[ERROR - 2015-11-14T23:02:26.309Z] Session [c2999730-8b23-11e5-88c9-ef2aafc95b5b] - page.onError - stack:
  c (https://s.ytimg.com/yts/jsbin/www-en_US-vfliCtAF-/base.js:142)
  (anonymous function) (https://s.ytimg.com/yts/jsbin/spf-vflXxZ96-/spf.js:14)
  forEach (:0)
  u (https://s.ytimg.com/yts/jsbin/spf-vflXxZ96-/spf.js:7)
  Ha (https://s.ytimg.com/yts/jsbin/spf-vflXxZ96-/spf.js:14)
  Ua (https://s.ytimg.com/yts/jsbin/spf-vflXxZ96-/spf.js:17)
  (anonymous function) (https://s.ytimg.com/yts/jsbin/spf-vflXxZ96-/spf.js:7)
[INFO  - 2015-11-14T23:02:27.796Z] ShutdownReqHand - _handle - About to shutdown
